<?xml version="1.0" encoding="UTF-8"?>
<!-- Generated by org.testng.reporters.JUnitReportReporter -->
<testsuite skipped="0" hostname="sys" name="com.qa.testscripts.TC06_LaunchBrowser" tests="2" failures="0" timestamp="06 Mar 2021 09:48:41 GMT" time="0.793" errors="0">
  <testcase name="teardown" time="0.772" classname="com.qa.testscripts.TC06_LaunchBrowser"/>
  <testcase name="Browserlaunchconf" time="0.021" classname="com.qa.testscripts.TC06_LaunchBrowser"/>
</testsuite> <!-- com.qa.testscripts.TC06_LaunchBrowser -->
