<?xml version="1.0" encoding="UTF-8"?>
<!-- Generated by org.testng.reporters.JUnitReportReporter -->
<testsuite skipped="0" hostname="sys" name="com.qa.testscripts.TC13_Validate_CaptureSS" tests="2" failures="0" timestamp="10 Mar 2021 17:59:47 GMT" time="25.917" errors="0">
  <testcase name="Login" time="22.561" classname="com.qa.testscripts.TC13_Validate_CaptureSS"/>
  <testcase name="fullPageScreenshot" time="3.356" classname="com.qa.testscripts.TC13_Validate_CaptureSS"/>
</testsuite> <!-- com.qa.testscripts.TC13_Validate_CaptureSS -->
