<?xml version="1.0" encoding="UTF-8"?>
<!-- Generated by org.testng.reporters.JUnitReportReporter -->
<testsuite skipped="0" hostname="sys" name="com.qa.testscripts.TC15_XpathSelectors" tests="1" failures="0" timestamp="09 Mar 2021 14:39:33 GMT" time="27.469" errors="0">
  <testcase name="login" time="27.469" classname="com.qa.testscripts.TC15_XpathSelectors"/>
</testsuite> <!-- com.qa.testscripts.TC15_XpathSelectors -->
