<?xml version="1.0" encoding="UTF-8"?>
<!-- Generated by org.testng.reporters.JUnitReportReporter -->
<testsuite skipped="0" hostname="sys" name="com.qa.testscripts.TC04_validateLogin" tests="1" failures="0" timestamp="06 Mar 2021 11:05:16 GMT" time="11.812" errors="0">
  <testcase name="login" time="11.812" classname="com.qa.testscripts.TC04_validateLogin"/>
</testsuite> <!-- com.qa.testscripts.TC04_validateLogin -->
