<?xml version="1.0" encoding="UTF-8"?>
<!-- Generated by org.testng.reporters.JUnitReportReporter -->
<testsuite skipped="0" hostname="sys" name="com.qa.testscripts.TC03_PrintAllElements" tests="1" failures="0" timestamp="27 Feb 2021 11:14:14 GMT" time="12.415" errors="0">
  <testcase name="setup" time="12.415" classname="com.qa.testscripts.TC03_PrintAllElements"/>
</testsuite> <!-- com.qa.testscripts.TC03_PrintAllElements -->
