<?xml version="1.0" encoding="UTF-8"?>
<!-- Generated by org.testng.reporters.JUnitReportReporter -->
<testsuite skipped="0" hostname="sys" name="com.qa.testscripts.TC07_LoginUsingTestMethod" tests="2" failures="0" timestamp="06 Mar 2021 11:09:47 GMT" time="14.897" errors="0">
  <testcase name="Login" time="9.572" classname="com.qa.testscripts.TC07_LoginUsingTestMethod"/>
  <testcase name="adminclick" time="5.325" classname="com.qa.testscripts.TC07_LoginUsingTestMethod"/>
</testsuite> <!-- com.qa.testscripts.TC07_LoginUsingTestMethod -->
