<?xml version="1.0" encoding="UTF-8"?>
<!-- Generated by org.testng.reporters.JUnitReportReporter -->
<testsuite skipped="0" hostname="sys" name="com.qa.testscripts.TC14_CSS_Selector" tests="1" failures="0" timestamp="09 Mar 2021 13:41:46 GMT" time="34.596" errors="0">
  <testcase name="login" time="34.596" classname="com.qa.testscripts.TC14_CSS_Selector"/>
</testsuite> <!-- com.qa.testscripts.TC14_CSS_Selector -->
